\BOOKMARK [0][-]{chapter.1}{\376\377\000A\000i\000m\000\040\000a\000n\000d\000\040\000b\000a\000s\000i\000c\000\040\000s\000p\000e\000c\000i\000f\000i\000c\000a\000t\000i\000o\000n\000s\000\040\000o\000f\000\040\000t\000h\000e\000\040\000A\000u\000t\000o\000f\000i\000t\000\040\000s\000y\000s\000t\000e\000m}{}% 1
\BOOKMARK [0][-]{chapter.2}{\376\377\000T\000h\000e\000\040\000M\000R\000P\000\040\000d\000a\000t\000a\000b\000a\000s\000e\000,\000\040\000s\000l\000o\000t\000s\000\040\000a\000n\000d\000\040\000p\000r\000o\000d\000u\000c\000e\000r\000s}{}% 2
\BOOKMARK [1][-]{section.2.1}{\376\377\000S\000l\000o\000t}{chapter.2}% 3
\BOOKMARK [1][-]{section.2.2}{\376\377\000P\000r\000o\000d\000u\000c\000e\000r}{chapter.2}% 4
\BOOKMARK [0][-]{chapter.3}{\376\377\000M\000R\000P\000\040\000D\000B}{}% 5
\BOOKMARK [1][-]{section.3.1}{\376\377\000u\000n\000d\000e\000r\000l\000y\000i\000n\000g\000s}{chapter.3}% 6
\BOOKMARK [1][-]{section.3.2}{\376\377\000s\000l\000o\000t\000\137\000c\000l\000a\000s\000s\000e\000s}{chapter.3}% 7
\BOOKMARK [1][-]{section.3.3}{\376\377\000p\000r\000o\000d\000u\000c\000e\000r\000\137\000c\000l\000a\000s\000s\000e\000s}{chapter.3}% 8
\BOOKMARK [1][-]{section.3.4}{\376\377\000S\000L\000O\000T\000\137\000D\000E\000P\000S}{chapter.3}% 9
\BOOKMARK [1][-]{section.3.5}{\376\377\000S\000L\000O\000T\000\137\000T\000A\000B\000L\000E}{chapter.3}% 10
\BOOKMARK [1][-]{section.3.6}{\376\377\000S\000L\000O\000T\000\137\000T\000R\000E\000E}{chapter.3}% 11
\BOOKMARK [1][-]{section.3.7}{\376\377\000R\000U\000N\000N\000I\000N\000G\000\137\000P\000R\000O\000D}{chapter.3}% 12
\BOOKMARK [1][-]{section.3.8}{\376\377\000S\000L\000O\000T\000s\000\040\000T\000a\000b\000l\000e\000s}{chapter.3}% 13
\BOOKMARK [1][-]{section.3.9}{\376\377\000p\000a\000r\000c\000e\000l\000s\000\137\000t\000a\000b\000l\000e}{chapter.3}% 14
\BOOKMARK [0][-]{chapter.4}{\376\377\000T\000h\000e\000\040\000s\000l\000o\000t\000\040\000p\000s\000e\000u\000d\000o\000\040\000c\000o\000d\000e\000\040\000d\000e\000s\000c\000r\000i\000p\000t\000i\000o\000n}{}% 15
\BOOKMARK [1][-]{section.4.1}{\376\377\000T\000h\000e\000\040\000m\000o\000n\000i\000t\000o\000r\000\040\000p\000s\000e\000u\000d\000o\000\040\000c\000o\000d\000e}{chapter.4}% 16
\BOOKMARK [1][-]{section.4.2}{\376\377\000T\000h\000e\000\040\000s\000l\000o\000t\000s\000\040\000p\000s\000e\000u\000d\000o\000\040\000c\000o\000d\000e}{chapter.4}% 17
\BOOKMARK [1][-]{section.4.3}{\376\377\000T\000h\000e\000\040\000P\000r\000o\000x\000y\000P\000r\000o\000d\000u\000c\000e\000r\000\040\000p\000s\000e\000u\000d\000o\000\040\000c\000o\000d\000e}{chapter.4}% 18
\BOOKMARK [1][-]{section.4.4}{\376\377\000T\000h\000e\000\040\000S\000l\000o\000t\000T\000r\000e\000e\000\040\000p\000s\000e\000u\000d\000o\000\040\000c\000o\000d\000e}{chapter.4}% 19
\BOOKMARK [0][-]{chapter.5}{\376\377\000I\000n\000d\000i\000c\000e\000s\000\040\000a\000n\000d\000\040\000t\000a\000b\000l\000e\000s}{}% 20
